<?xml version="1.0" encoding="UTF-8"?>
<testng-results skipped="0" failed="0" ignored="0" total="1" passed="1">
  <reporter-output>
  </reporter-output>
  <suite name="Suite" duration-ms="37283" started-at="2021-03-02T07:52:14Z" finished-at="2021-03-02T07:52:52Z">
    <groups>
    </groups>
    <test name="Test" duration-ms="37283" started-at="2021-03-02T07:52:14Z" finished-at="2021-03-02T07:52:52Z">
      <class name="com.Testlistener.OrangeHRM_Log4j">
        <test-method status="PASS" signature="LaunchBrowser()[pri:0, instance:com.Testlistener.OrangeHRM_Log4j@39c0f4a]" name="LaunchBrowser" is-config="true" duration-ms="2501" started-at="2021-03-02T07:52:14Z" description="Chrome Browser Launched" finished-at="2021-03-02T07:52:17Z">
          <reporter-output>
          </reporter-output>
        </test-method> <!-- LaunchBrowser -->
        <test-method status="PASS" signature="LoginToOrangeHRM()[pri:0, instance:com.Testlistener.OrangeHRM_Log4j@39c0f4a]" name="LoginToOrangeHRM" duration-ms="33889" started-at="2021-03-02T07:52:17Z" description="Verify-post login user land to Dashboard page" finished-at="2021-03-02T07:52:51Z">
          <reporter-output>
          </reporter-output>
        </test-method> <!-- LoginToOrangeHRM -->
        <test-method status="PASS" signature="CloseBrowser()[pri:0, instance:com.Testlistener.OrangeHRM_Log4j@39c0f4a]" name="CloseBrowser" is-config="true" duration-ms="762" started-at="2021-03-02T07:52:51Z" description="Browser Closed Successfully" finished-at="2021-03-02T07:52:52Z">
          <reporter-output>
          </reporter-output>
        </test-method> <!-- CloseBrowser -->
      </class> <!-- com.Testlistener.OrangeHRM_Log4j -->
    </test> <!-- Test -->
  </suite> <!-- Suite -->
</testng-results>
